2025-09-14 17:16:06 [main] ERROR: unknown IO Exception occoured: java.net.ConnectException: Connection refused: connect
2025-09-14 17:16:31 [main] ERROR: unknown IO Exception occoured: java.net.ConnectException: Connection refused: connect
2025-09-16 11:45:53 [com.mcimp.client.Client.main()] ERROR: unknown IO Exception occoured: java.net.ConnectException: Connection refused
2025-09-16 11:46:20 [pool-1-thread-1] INFO : User will logged in
2025-09-16 11:52:10 [pool-1-thread-2] ERROR: Client error: 
java.net.SocketTimeoutException: Read timed out
	at sun.nio.ch.NioSocketImpl.timedRead(NioSocketImpl.java:278) ~[?:?]
	at sun.nio.ch.NioSocketImpl.implRead(NioSocketImpl.java:304) ~[?:?]
	at sun.nio.ch.NioSocketImpl.read(NioSocketImpl.java:346) ~[?:?]
	at sun.nio.ch.NioSocketImpl$1.read(NioSocketImpl.java:796) ~[?:?]
	at java.net.Socket$SocketInputStream.read(Socket.java:1099) ~[?:?]
	at sun.nio.cs.StreamDecoder.readBytes(StreamDecoder.java:350) ~[?:?]
	at sun.nio.cs.StreamDecoder.implRead(StreamDecoder.java:393) ~[?:?]
	at sun.nio.cs.StreamDecoder.lockedRead(StreamDecoder.java:217) ~[?:?]
	at sun.nio.cs.StreamDecoder.read(StreamDecoder.java:171) ~[?:?]
	at java.io.InputStreamReader.read(InputStreamReader.java:188) ~[?:?]
	at java.io.BufferedReader.fill(BufferedReader.java:160) ~[?:?]
	at java.io.BufferedReader.implReadLine(BufferedReader.java:370) ~[?:?]
	at java.io.BufferedReader.readLine(BufferedReader.java:347) ~[?:?]
	at java.io.BufferedReader.readLine(BufferedReader.java:436) ~[?:?]
	at com.mcimp.server.ClientHandler.handleLoginOrRegistration(ClientHandler.java:62) ~[classes/:?]
	at com.mcimp.server.ClientHandler.run(ClientHandler.java:41) ~[classes/:?]
	at java.util.concurrent.ThreadPoolExecutor.runWorker(ThreadPoolExecutor.java:1144) ~[?:?]
	at java.util.concurrent.ThreadPoolExecutor$Worker.run(ThreadPoolExecutor.java:642) ~[?:?]
	at java.lang.Thread.run(Thread.java:1583) [?:?]
2025-09-16 12:02:28 [pool-1-thread-2] INFO : User t logged in
2025-09-16 12:06:49 [pool-1-thread-1] INFO : User t logged in
2025-09-16 12:07:29 [pool-1-thread-1] INFO : User t logged in
2025-09-16 20:30:52 [pool-1-thread-1] INFO : User t logged in
2025-09-16 20:42:09 [com.mcimp.server.Server.main()] INFO : Server is listening on port 5555
2025-09-16 20:42:14 [com.mcimp.server.Server.main()] INFO : Server is listening on port 5555
2025-09-16 20:47:23 [pool-2-thread-1] ERROR: Client error: 
java.net.SocketTimeoutException: Read timed out
	at sun.nio.ch.NioSocketImpl.timedRead(NioSocketImpl.java:278) ~[?:?]
	at sun.nio.ch.NioSocketImpl.implRead(NioSocketImpl.java:304) ~[?:?]
	at sun.nio.ch.NioSocketImpl.read(NioSocketImpl.java:346) ~[?:?]
	at sun.nio.ch.NioSocketImpl$1.read(NioSocketImpl.java:796) ~[?:?]
	at java.net.Socket$SocketInputStream.read(Socket.java:1099) ~[?:?]
	at sun.nio.cs.StreamDecoder.readBytes(StreamDecoder.java:350) ~[?:?]
	at sun.nio.cs.StreamDecoder.implRead(StreamDecoder.java:393) ~[?:?]
	at sun.nio.cs.StreamDecoder.lockedRead(StreamDecoder.java:217) ~[?:?]
	at sun.nio.cs.StreamDecoder.read(StreamDecoder.java:171) ~[?:?]
	at java.io.InputStreamReader.read(InputStreamReader.java:188) ~[?:?]
	at java.io.BufferedReader.fill(BufferedReader.java:160) ~[?:?]
	at java.io.BufferedReader.implReadLine(BufferedReader.java:370) ~[?:?]
	at java.io.BufferedReader.readLine(BufferedReader.java:347) ~[?:?]
	at java.io.BufferedReader.readLine(BufferedReader.java:436) ~[?:?]
	at com.mcimp.server.ClientHandler.handleLoginOrRegistration(ClientHandler.java:77) ~[classes/:?]
	at com.mcimp.server.ClientHandler.run(ClientHandler.java:46) ~[classes/:?]
	at java.util.concurrent.ThreadPoolExecutor.runWorker(ThreadPoolExecutor.java:1144) ~[?:?]
	at java.util.concurrent.ThreadPoolExecutor$Worker.run(ThreadPoolExecutor.java:642) ~[?:?]
	at java.lang.Thread.run(Thread.java:1583) [?:?]
2025-09-16 21:55:10 [com.mcimp.server.Server.main()] INFO : Server is listening on port 5555
2025-09-16 21:55:55 [Thread-2] ERROR: error while reading from server: java.net.SocketException: Socket closed
2025-09-16 22:00:24 [com.mcimp.server.Server.main()] INFO : Server is listening on port 5555
2025-09-16 22:00:26 [pool-2-thread-1] INFO : connected successfully
2025-09-16 22:00:26 [Thread-2] ERROR: error while reading from server: java.net.SocketException: Socket closed
2025-09-16 22:00:36 [com.mcimp.server.Server.main()] INFO : Server is listening on port 5555
2025-09-16 22:00:37 [pool-2-thread-1] INFO : connected successfully
2025-09-16 22:00:37 [Thread-2] ERROR: error while reading from server: java.net.SocketException: Socket closed
2025-09-16 22:01:18 [com.mcimp.server.Server.main()] INFO : Server is listening on port 5555
2025-09-16 22:01:20 [pool-2-thread-1] INFO : connected successfully
2025-09-16 22:01:20 [Thread-2] ERROR: error while reading from server: java.net.SocketException: Socket closed
2025-09-16 22:01:38 [com.mcimp.server.Server.main()] INFO : Server is listening on port 5555
2025-09-16 22:01:40 [pool-2-thread-1] WARN : invalid first packet
2025-09-16 22:01:40 [pool-2-thread-1] INFO : connected successfully
2025-09-16 22:01:40 [Thread-2] ERROR: error while reading from server: java.net.SocketException: Socket closed
2025-09-16 22:03:00 [com.mcimp.server.Server.main()] INFO : Server is listening on port 5555
2025-09-16 22:03:03 [pool-2-thread-1] INFO : connected successfully
2025-09-16 22:03:03 [Thread-2] ERROR: error while reading from server: java.net.SocketException: Socket closed
2025-09-16 22:26:25 [com.mcimp.server.Server.main()] INFO : Server is listening on port 5555
2025-09-16 22:26:28 [com.mcimp.client.Client.main()] ERROR: unknown IO Exception occoured: java.net.SocketException: Socket is not connected
2025-09-16 22:30:09 [com.mcimp.server.Server.main()] INFO : Server is listening on port 5555
2025-09-16 22:30:11 [pool-2-thread-1] INFO : connection established successfully
2025-09-16 22:30:11 [Thread-2] ERROR: error while reading from server: java.net.SocketException: Socket closed
2025-09-16 22:43:48 [com.mcimp.server.Server.main()] INFO : Server is listening on port 5555
2025-09-16 22:43:51 [pool-2-thread-1] INFO : connection established successfully
2025-09-16 22:43:51 [pool-2-thread-1] ERROR: Client error: 
java.io.EOFException: null
	at java.io.DataInputStream.readUnsignedByte(DataInputStream.java:297) ~[?:?]
	at java.io.DataInputStream.readByte(DataInputStream.java:275) ~[?:?]
	at com.mcimp.protocol.packets.AuthPacket.readFromStream(AuthPacket.java:36) ~[classes/:?]
	at com.mcimp.protocol.Packet.readPacket(Packet.java:34) ~[classes/:?]
	at com.mcimp.protocol.ProtocolInputStream.readPacket(ProtocolInputStream.java:20) ~[classes/:?]
	at com.mcimp.server.ClientHandler.run(ClientHandler.java:57) ~[classes/:?]
	at java.util.concurrent.ThreadPoolExecutor.runWorker(ThreadPoolExecutor.java:1144) ~[?:?]
	at java.util.concurrent.ThreadPoolExecutor$Worker.run(ThreadPoolExecutor.java:642) ~[?:?]
	at java.lang.Thread.run(Thread.java:1583) [?:?]
2025-09-16 22:44:09 [com.mcimp.client.Client.main()] ERROR: unknown IO Exception occoured: java.net.ConnectException: Connection refused
2025-09-16 22:44:15 [com.mcimp.server.Server.main()] INFO : Server is listening on port 5555
2025-09-16 22:44:20 [pool-2-thread-1] INFO : connection established successfully
2025-09-16 22:44:20 [Thread-2] ERROR: error while reading from server: java.net.SocketException: Socket closed
2025-09-16 22:57:22 [com.mcimp.server.Server.main()] INFO : Server is listening on port 5555
2025-09-16 22:57:25 [pool-2-thread-1] INFO : connection established successfully
2025-09-16 22:57:25 [pool-2-thread-1] INFO : t logged in successfully
2025-09-16 22:57:25 [Thread-2] ERROR: error while reading from server: java.net.SocketException: Socket closed
2025-09-16 22:57:25 [pool-2-thread-1] ERROR: Client error: 
java.net.SocketException: Broken pipe
	at sun.nio.ch.SocketDispatcher.write0(Native Method) ~[?:?]
	at sun.nio.ch.SocketDispatcher.write(SocketDispatcher.java:62) ~[?:?]
	at sun.nio.ch.NioSocketImpl.tryWrite(NioSocketImpl.java:394) ~[?:?]
	at sun.nio.ch.NioSocketImpl.implWrite(NioSocketImpl.java:410) ~[?:?]
	at sun.nio.ch.NioSocketImpl.write(NioSocketImpl.java:440) ~[?:?]
	at sun.nio.ch.NioSocketImpl$2.write(NioSocketImpl.java:819) ~[?:?]
	at java.net.Socket$SocketOutputStream.write(Socket.java:1195) ~[?:?]
	at java.net.Socket$SocketOutputStream.write(Socket.java:1190) ~[?:?]
	at java.io.DataOutputStream.writeByte(DataOutputStream.java:161) ~[?:?]
	at com.mcimp.protocol.messages.Message.writeToStream(Message.java:34) ~[classes/:?]
	at com.mcimp.protocol.messages.SystemMessage.writeToStream(SystemMessage.java:25) ~[classes/:?]
	at com.mcimp.protocol.ProtocolOutputStream.writePacket(ProtocolOutputStream.java:19) ~[classes/:?]
	at com.mcimp.server.ClientHandler.run(ClientHandler.java:93) ~[classes/:?]
	at java.util.concurrent.ThreadPoolExecutor.runWorker(ThreadPoolExecutor.java:1144) ~[?:?]
	at java.util.concurrent.ThreadPoolExecutor$Worker.run(ThreadPoolExecutor.java:642) ~[?:?]
	at java.lang.Thread.run(Thread.java:1583) [?:?]
2025-09-16 22:57:44 [com.mcimp.server.Server.main()] INFO : Server is listening on port 5555
2025-09-16 22:58:37 [com.mcimp.server.Server.main()] INFO : Server is listening on port 5555
2025-09-16 22:58:39 [pool-2-thread-1] INFO : connection established successfully
2025-09-16 22:58:39 [pool-2-thread-1] INFO : t logged in successfully
2025-09-16 22:58:39 [Thread-2] ERROR: error while reading from server: java.net.SocketException: Socket closed
2025-09-16 22:58:39 [pool-2-thread-1] ERROR: Client error: 
java.net.SocketException: Broken pipe
	at sun.nio.ch.SocketDispatcher.write0(Native Method) ~[?:?]
	at sun.nio.ch.SocketDispatcher.write(SocketDispatcher.java:62) ~[?:?]
	at sun.nio.ch.NioSocketImpl.tryWrite(NioSocketImpl.java:394) ~[?:?]
	at sun.nio.ch.NioSocketImpl.implWrite(NioSocketImpl.java:410) ~[?:?]
	at sun.nio.ch.NioSocketImpl.write(NioSocketImpl.java:440) ~[?:?]
	at sun.nio.ch.NioSocketImpl$2.write(NioSocketImpl.java:819) ~[?:?]
	at java.net.Socket$SocketOutputStream.write(Socket.java:1195) ~[?:?]
	at java.net.Socket$SocketOutputStream.write(Socket.java:1190) ~[?:?]
	at java.io.DataOutputStream.writeByte(DataOutputStream.java:161) ~[?:?]
	at com.mcimp.protocol.messages.Message.writeToStream(Message.java:34) ~[classes/:?]
	at com.mcimp.protocol.messages.SystemMessage.writeToStream(SystemMessage.java:25) ~[classes/:?]
	at com.mcimp.protocol.ProtocolOutputStream.writePacket(ProtocolOutputStream.java:19) ~[classes/:?]
	at com.mcimp.server.ClientHandler.run(ClientHandler.java:93) ~[classes/:?]
	at java.util.concurrent.ThreadPoolExecutor.runWorker(ThreadPoolExecutor.java:1144) ~[?:?]
	at java.util.concurrent.ThreadPoolExecutor$Worker.run(ThreadPoolExecutor.java:642) ~[?:?]
	at java.lang.Thread.run(Thread.java:1583) [?:?]
2025-09-16 23:00:21 [com.mcimp.server.Server.main()] INFO : Server is listening on port 5555
2025-09-16 23:00:23 [pool-2-thread-1] INFO : connection established successfully
2025-09-16 23:00:25 [pool-2-thread-1] INFO : t logged in successfully
2025-09-16 23:00:25 [Thread-2] ERROR: error while reading from server: java.net.SocketException: Socket closed
2025-09-16 23:00:25 [pool-2-thread-1] ERROR: Client error: 
java.net.SocketException: Broken pipe
	at sun.nio.ch.SocketDispatcher.write0(Native Method) ~[?:?]
	at sun.nio.ch.SocketDispatcher.write(SocketDispatcher.java:62) ~[?:?]
	at sun.nio.ch.NioSocketImpl.tryWrite(NioSocketImpl.java:394) ~[?:?]
	at sun.nio.ch.NioSocketImpl.implWrite(NioSocketImpl.java:410) ~[?:?]
	at sun.nio.ch.NioSocketImpl.write(NioSocketImpl.java:440) ~[?:?]
	at sun.nio.ch.NioSocketImpl$2.write(NioSocketImpl.java:819) ~[?:?]
	at java.net.Socket$SocketOutputStream.write(Socket.java:1195) ~[?:?]
	at java.net.Socket$SocketOutputStream.write(Socket.java:1190) ~[?:?]
	at java.io.DataOutputStream.writeByte(DataOutputStream.java:161) ~[?:?]
	at com.mcimp.protocol.messages.Message.writeToStream(Message.java:34) ~[classes/:?]
	at com.mcimp.protocol.messages.SystemMessage.writeToStream(SystemMessage.java:25) ~[classes/:?]
	at com.mcimp.protocol.ProtocolOutputStream.writePacket(ProtocolOutputStream.java:19) ~[classes/:?]
	at com.mcimp.server.ClientHandler.run(ClientHandler.java:93) ~[classes/:?]
	at java.util.concurrent.ThreadPoolExecutor.runWorker(ThreadPoolExecutor.java:1144) ~[?:?]
	at java.util.concurrent.ThreadPoolExecutor$Worker.run(ThreadPoolExecutor.java:642) ~[?:?]
	at java.lang.Thread.run(Thread.java:1583) [?:?]
2025-09-16 23:04:33 [com.mcimp.server.Server.main()] INFO : Server is listening on port 5555
2025-09-16 23:04:35 [pool-2-thread-1] INFO : connection established successfully
2025-09-16 23:04:37 [pool-2-thread-1] INFO : t logged in successfully
2025-09-16 23:04:37 [Thread-2] ERROR: error while reading from server: java.net.SocketException: Socket closed
2025-09-16 23:04:37 [pool-2-thread-1] ERROR: Client error: 
java.net.SocketException: Broken pipe
	at sun.nio.ch.SocketDispatcher.write0(Native Method) ~[?:?]
	at sun.nio.ch.SocketDispatcher.write(SocketDispatcher.java:62) ~[?:?]
	at sun.nio.ch.NioSocketImpl.tryWrite(NioSocketImpl.java:394) ~[?:?]
	at sun.nio.ch.NioSocketImpl.implWrite(NioSocketImpl.java:410) ~[?:?]
	at sun.nio.ch.NioSocketImpl.write(NioSocketImpl.java:440) ~[?:?]
	at sun.nio.ch.NioSocketImpl$2.write(NioSocketImpl.java:819) ~[?:?]
	at java.net.Socket$SocketOutputStream.write(Socket.java:1195) ~[?:?]
	at java.net.Socket$SocketOutputStream.write(Socket.java:1190) ~[?:?]
	at java.io.DataOutputStream.writeByte(DataOutputStream.java:161) ~[?:?]
	at com.mcimp.protocol.messages.Message.writeToStream(Message.java:34) ~[classes/:?]
	at com.mcimp.protocol.messages.SystemMessage.writeToStream(SystemMessage.java:27) ~[classes/:?]
	at com.mcimp.protocol.ProtocolOutputStream.writePacket(ProtocolOutputStream.java:19) ~[classes/:?]
	at com.mcimp.server.ClientHandler.run(ClientHandler.java:93) ~[classes/:?]
	at java.util.concurrent.ThreadPoolExecutor.runWorker(ThreadPoolExecutor.java:1144) ~[?:?]
	at java.util.concurrent.ThreadPoolExecutor$Worker.run(ThreadPoolExecutor.java:642) ~[?:?]
	at java.lang.Thread.run(Thread.java:1583) [?:?]
